2017-09-26 14:57:48 DEBUG USGSNasaRepository:78 - Turning on handle USGS API key update.
2017-09-26 14:57:48 DEBUG USGSNasaRepository:83 - Trying to generate USGS API key.
2017-09-26 14:57:48 DEBUG USGSNasaRepository:97 - Creating Json for USGS API key request.
2017-09-26 14:57:48 DEBUG USGSNasaRepository:100 - Try to create Json for USGS API key request.
2017-09-26 14:57:48 DEBUG USGSNasaRepository:109 - Json for USGS API key created.
2017-09-26 14:57:48 DEBUG USGSNasaRepository:114 - Command=[curl, -X, POST, --data, jsonRequest={"username":"","authType":"EROS","password":""}, https://earthexplorer.usgs.gov/inventory/json/login]
2017-09-26 14:57:50 ERROR USGSNasaRepository:90 - Error while generating USGS API key
org.json.JSONException: JSONObject["data"] not a string.
	at org.json.JSONObject.getString(JSONObject.java:722)
	at core.USGSNasaRepository.generateAPIKey(USGSNasaRepository.java:88)
	at core.USGSNasaRepository.handleAPIKeyUpdate(USGSNasaRepository.java:79)
	at main.USGSController.<init>(USGSController.java:24)
	at main.Main.main(Main.java:17)
2017-09-26 14:57:50 ERROR USGSNasaRepository:230 - USGS API key invalid
2017-09-26 14:58:30 DEBUG USGSNasaRepository:78 - Turning on handle USGS API key update.
2017-09-26 14:58:30 DEBUG USGSNasaRepository:83 - Trying to generate USGS API key.
2017-09-26 14:58:30 DEBUG USGSNasaRepository:97 - Creating Json for USGS API key request.
2017-09-26 14:58:30 DEBUG USGSNasaRepository:100 - Try to create Json for USGS API key request.
2017-09-26 14:58:30 DEBUG USGSNasaRepository:109 - Json for USGS API key created.
2017-09-26 14:58:30 DEBUG USGSNasaRepository:114 - Command=[curl, -X, POST, --data, jsonRequest={"username":"","authType":"EROS","password":""}, https://earthexplorer.usgs.gov/inventory/json/login]
2017-09-26 14:58:32 ERROR USGSNasaRepository:90 - Error while generating USGS API key
org.json.JSONException: JSONObject["data"] not a string.
	at org.json.JSONObject.getString(JSONObject.java:722)
	at core.USGSNasaRepository.generateAPIKey(USGSNasaRepository.java:88)
	at core.USGSNasaRepository.handleAPIKeyUpdate(USGSNasaRepository.java:79)
	at main.USGSController.<init>(USGSController.java:24)
	at main.Main.main(Main.java:17)
2017-09-26 14:58:32 ERROR USGSNasaRepository:230 - USGS API key invalid
2017-09-26 14:59:11 DEBUG USGSNasaRepository:78 - Turning on handle USGS API key update.
2017-09-26 14:59:11 DEBUG USGSNasaRepository:83 - Trying to generate USGS API key.
2017-09-26 14:59:11 DEBUG USGSNasaRepository:97 - Creating Json for USGS API key request.
2017-09-26 14:59:11 DEBUG USGSNasaRepository:100 - Try to create Json for USGS API key request.
2017-09-26 14:59:11 DEBUG USGSNasaRepository:109 - Json for USGS API key created.
2017-09-26 14:59:11 DEBUG USGSNasaRepository:114 - Command=[curl, -X, POST, --data, jsonRequest={"username":"","authType":"EROS","password":""}, https://earthexplorer.usgs.gov/inventory/json/login]
2017-09-26 14:59:13 ERROR USGSNasaRepository:90 - Error while generating USGS API key
org.json.JSONException: JSONObject["data"] not a string.
	at org.json.JSONObject.getString(JSONObject.java:722)
	at core.USGSNasaRepository.generateAPIKey(USGSNasaRepository.java:88)
	at core.USGSNasaRepository.handleAPIKeyUpdate(USGSNasaRepository.java:79)
	at main.USGSController.<init>(USGSController.java:24)
	at main.Main.main(Main.java:17)
2017-09-26 14:59:13 ERROR USGSNasaRepository:230 - USGS API key invalid
